iter,loss
2048,131.03890991210938
2049,120.73075866699219
2050,111.40874481201172
2051,103.42201232910156
2052,98.38867950439453
2053,95.84534454345703
2054,90.7428207397461
2055,87.8919677734375
2056,92.31024932861328
2057,87.27181243896484
2058,82.01795196533203
2059,82.23165130615234
2060,80.83557891845703
2061,77.82453155517578
2062,75.96983337402344
2063,76.50049591064453
2064,78.99748229980469
2065,74.54904174804688
2066,75.19744873046875
2067,76.66185760498047
2068,76.12266540527344
2069,75.85064697265625
2070,70.56160736083984
2071,71.2928237915039
2072,71.10487365722656
2073,73.30342102050781
2074,68.657470703125
2075,72.38756561279297
2076,69.64507293701172
2077,68.71641540527344
2078,67.87136840820312
2079,69.33802795410156
2080,67.42469024658203
2081,63.715240478515625
2082,67.13172149658203
2083,66.6642837524414
2084,69.11077880859375
2085,64.34992980957031
2086,64.12263488769531
2087,63.805397033691406
2088,64.61473083496094
2089,61.06721496582031
2090,64.38440704345703
2091,67.4853744506836
2092,62.49601745605469
2093,60.020668029785156
2094,64.41537475585938
2095,65.87557220458984
2096,61.03117370605469
2097,62.70707321166992
2098,64.24156188964844
2099,64.67816925048828
2100,63.64295196533203
2101,65.28909301757812
2102,64.00086975097656
2103,64.34626770019531
2104,64.12831115722656
2105,60.83071517944336
2106,62.69486999511719
2107,61.85622024536133
2108,63.32466506958008
2109,63.45943069458008
2110,60.50297164916992
2111,60.03190612792969
2112,63.899471282958984
2113,60.65055465698242
2114,66.51026916503906
2115,61.851417541503906
2116,63.97823715209961
2117,63.44774627685547
2118,60.778717041015625
2119,61.67169189453125
2120,63.60712432861328
2121,59.70363235473633
2122,64.0549545288086
2123,66.0959701538086
2124,69.17003631591797
2125,70.51985931396484
2126,67.7171401977539
2127,66.64073944091797
2128,68.77317810058594
2129,67.4062728881836
2130,64.13346099853516
2131,61.19573211669922
2132,64.8428726196289
2133,68.7136459350586
2134,65.10997009277344
2135,64.16463470458984
2136,62.34682846069336
2137,63.86475372314453
2138,62.86042785644531
2139,61.915706634521484
2140,60.53487777709961
2141,64.8129653930664
2142,64.89546203613281
2143,63.21645736694336
2144,60.87052536010742
2145,59.910762786865234
2146,56.51775360107422
2147,61.87614440917969
2148,63.677608489990234
2149,63.06719970703125
2150,62.932518005371094
2151,63.8693962097168
2152,63.275733947753906
2153,59.415225982666016
2154,59.61631774902344
2155,67.38005065917969
2156,62.9089241027832
2157,59.52204132080078
2158,60.75605392456055
2159,54.61202621459961
2160,59.72492218017578
2161,58.56644821166992
2162,59.11974334716797
2163,59.10295486450195
2164,59.84508514404297
2165,56.56381607055664
2166,61.15705871582031
2167,58.26951599121094
2168,57.4417839050293
2169,57.63324737548828
2170,58.738548278808594
2171,57.49089050292969
2172,57.14759063720703
2173,59.037742614746094
2174,55.19404602050781
2175,57.858177185058594
2176,61.07218551635742
2177,60.95954895019531
2178,64.4277114868164
2179,59.077449798583984
2180,63.12645721435547
2181,60.493831634521484
2182,60.729496002197266
2183,59.05790328979492
2184,55.623443603515625
2185,54.14954376220703
2186,54.46843719482422
2187,50.018394470214844
2188,55.47159194946289
2189,51.45979690551758
2190,51.99097442626953
2191,54.92506790161133
2192,54.90996551513672
2193,58.45855712890625
2194,61.82270812988281
2195,61.411582946777344
2196,61.74612045288086
2197,59.8289680480957
2198,63.49325942993164
2199,58.65639877319336
2200,56.44617462158203
2201,57.9743766784668
2202,59.63440704345703
2203,60.62202453613281
2204,60.50526809692383
2205,60.24811553955078
2206,60.711673736572266
2207,58.08696365356445
2208,61.55024337768555
2209,58.601646423339844
2210,59.357540130615234
2211,58.321590423583984
2212,57.9537239074707
2213,58.95822525024414
2214,58.44607925415039
2215,58.28588104248047
2216,58.20624923706055
2217,58.48873519897461
2218,58.86742401123047
2219,54.74604797363281
2220,57.136592864990234
2221,55.50788116455078
2222,59.84782028198242
2223,60.30976486206055
2224,57.67692947387695
2225,57.94784164428711
2226,58.513587951660156
2227,57.9368782043457
2228,55.01620101928711
2229,55.59939193725586
2230,54.639747619628906
2231,57.650238037109375
2232,55.5286865234375
2233,57.19873809814453
2234,57.66939163208008
2235,59.239986419677734
2236,57.336585998535156
2237,51.860267639160156
2238,57.55195617675781
2239,56.06804656982422
2240,54.832576751708984
2241,52.65129470825195
2242,57.96540451049805
2243,57.68798828125
2244,55.0423698425293
2245,55.30783462524414
2246,57.6842155456543
2247,55.21687698364258
2248,52.31303024291992
2249,54.86555480957031
2250,52.786293029785156
2251,51.86821365356445
2252,56.016727447509766
2253,53.871421813964844
2254,54.1776008605957
2255,50.079376220703125
2256,51.2080078125
2257,49.367645263671875
2258,52.40570831298828
2259,54.728843688964844
2260,54.00387191772461
2261,55.00769805908203
2262,54.86893081665039
2263,54.25984191894531
2264,59.9102668762207
2265,65.02867889404297
2266,59.90122985839844
2267,60.296146392822266
2268,59.957359313964844
2269,57.56196594238281
2270,61.4560432434082
2271,60.520347595214844
2272,61.17204284667969
2273,58.206817626953125
2274,58.49855041503906
2275,62.51961135864258
2276,57.630126953125
2277,58.50199890136719
2278,58.337642669677734
2279,57.140968322753906
2280,58.983699798583984
2281,54.70906448364258
2282,53.760799407958984
2283,53.811378479003906
2284,53.80339050292969
2285,59.79987335205078
2286,57.280982971191406
2287,61.44906997680664
2288,56.99239730834961
2289,54.68180465698242
2290,56.775299072265625
2291,56.35893630981445
2292,54.20895767211914
2293,55.958065032958984
2294,55.55111312866211
2295,55.184322357177734
2296,58.74162292480469
2297,57.75576400756836
2298,58.11484146118164
2299,55.55097579956055
2300,56.888221740722656
2301,55.108341217041016
2302,57.09808349609375
2303,54.267608642578125
2304,55.114925384521484
2305,54.77342224121094
2306,56.64779281616211
2307,49.95576858520508
2308,51.99811553955078
2309,57.13108825683594
2310,53.595298767089844
2311,51.83386993408203
2312,51.66661071777344
2313,55.75111770629883
2314,53.29331970214844
2315,52.37294387817383
2316,54.53433609008789
2317,54.21548843383789
2318,55.31974411010742
2319,60.24410629272461
2320,57.69938659667969
2321,58.88595199584961
2322,55.218780517578125
2323,55.869361877441406
2324,53.81544494628906
2325,55.09919357299805
2326,55.03792190551758
2327,52.51495361328125
2328,52.711238861083984
2329,55.29108428955078
2330,59.262210845947266
2331,57.3860969543457
2332,56.45500183105469
2333,56.71123123168945
2334,54.26129150390625
2335,54.697052001953125
2336,53.95692825317383
2337,55.266239166259766
2338,56.46892547607422
2339,55.98628234863281
2340,54.69692611694336
2341,57.44763946533203
2342,52.91843795776367
2343,55.44253921508789
2344,54.99264144897461
2345,54.87046813964844
2346,54.217124938964844
2347,52.9735221862793
2348,51.19554901123047
2349,49.63139343261719
2350,52.03668975830078
2351,53.03556442260742
2352,50.601158142089844
2353,56.53706741333008
2354,53.4216194152832
2355,51.86133575439453
2356,53.03181457519531
2357,51.259483337402344
2358,53.33368682861328
2359,52.54336166381836
2360,49.70662307739258
2361,51.059410095214844
2362,51.06793975830078
2363,52.48515319824219
2364,56.87552261352539
2365,52.88359069824219
2366,55.22734451293945
2367,53.19443130493164
2368,51.83745193481445
2369,51.45465087890625
2370,51.33012390136719
2371,49.175750732421875
2372,49.591514587402344
2373,49.83317184448242
2374,53.74338912963867
2375,50.51044464111328
2376,50.45930480957031
2377,52.12202835083008
2378,49.27509689331055
2379,51.213069915771484
2380,49.93857955932617
2381,50.78684997558594
2382,52.26689910888672
2383,51.33588409423828
2384,48.553218841552734
2385,49.38062286376953
2386,52.679317474365234
2387,51.897300720214844
2388,54.29868698120117
2389,49.542091369628906
2390,48.272178649902344
2391,48.74638748168945
2392,54.12724685668945
2393,51.324668884277344
2394,52.38932418823242
2395,62.3369255065918
2396,58.81774139404297
2397,58.737178802490234
2398,59.233314514160156
2399,57.35270309448242
2400,59.7028923034668
2401,58.33094024658203
2402,56.55997085571289
2403,55.577693939208984
2404,54.135738372802734
2405,55.1552619934082
2406,53.24372100830078
2407,56.460182189941406
2408,54.19569778442383
2409,53.48872756958008
2410,56.6163215637207
2411,55.880760192871094
2412,54.52008056640625
2413,52.583717346191406
2414,53.48542785644531
2415,52.297847747802734
2416,55.05076599121094
2417,54.516048431396484
2418,52.319679260253906
2419,54.2320556640625
2420,54.47755432128906
2421,53.41365432739258
2422,54.32289505004883
2423,59.23490524291992
2424,59.9737548828125
2425,56.76658630371094
2426,55.22315216064453
2427,59.41983413696289
2428,61.27264404296875
2429,58.82938003540039
2430,55.651336669921875
2431,54.54037857055664
2432,57.815147399902344
2433,54.357261657714844
2434,60.3890266418457
2435,56.785728454589844
2436,56.745948791503906
2437,53.28386688232422
2438,50.98146057128906
2439,54.859474182128906
2440,53.242454528808594
2441,51.352779388427734
2442,50.02230453491211
2443,54.97883224487305
2444,53.15571594238281
2445,50.993778228759766
2446,50.08761215209961
2447,51.951778411865234
2448,52.5743522644043
2449,53.4127197265625
2450,52.33330535888672
2451,51.84525680541992
2452,51.694217681884766
2453,49.999908447265625
2454,54.476280212402344
2455,54.57704162597656
2456,49.000244140625
2457,48.13076400756836
2458,51.37122344970703
2459,51.30771255493164
2460,52.09416580200195
2461,56.60662078857422
2462,53.72442626953125
2463,55.029300689697266
2464,59.56256103515625
2465,57.89267349243164
2466,56.493648529052734
2467,56.50397491455078
2468,55.795021057128906
2469,56.07828903198242
2470,52.7136344909668
2471,57.19854736328125
2472,54.935035705566406
2473,52.705848693847656
2474,54.89110565185547
2475,52.974822998046875
2476,50.61058807373047
2477,50.53800582885742
2478,54.16843795776367
2479,53.36679458618164
2480,51.11951446533203
2481,53.7559700012207
2482,48.707969665527344
2483,49.47386932373047
2484,52.955196380615234
2485,53.1064453125
2486,52.2501335144043
2487,51.864723205566406
2488,49.76249694824219
2489,52.45743942260742
2490,51.524574279785156
2491,54.099491119384766
2492,53.7783317565918
2493,50.99507522583008
2494,51.46168518066406
2495,51.26417922973633
2496,50.29854965209961
2497,49.579708099365234
2498,51.307167053222656
2499,54.312564849853516
2500,47.38323974609375
2501,49.348751068115234
2502,48.405975341796875
2503,56.72077560424805
2504,49.89704895019531
2505,45.913856506347656
2506,49.15841293334961
2507,52.628055572509766
2508,50.478614807128906
2509,49.602352142333984
2510,49.443603515625
2511,51.540889739990234
2512,44.788475036621094
2513,51.78342819213867
2514,46.59510803222656
2515,49.35496520996094
2516,47.369171142578125
2517,48.67259216308594
2518,46.1563720703125
2519,53.28943634033203
2520,56.1502571105957
2521,51.719215393066406
2522,54.83869934082031
2523,58.55418395996094
2524,53.88731002807617
2525,55.19063949584961
2526,57.30363464355469
2527,57.97822189331055
2528,56.174102783203125
2529,54.15432357788086
2530,54.4907112121582
2531,59.721519470214844
2532,57.90627670288086
2533,54.57308578491211
2534,54.06389617919922
2535,53.71061325073242
2536,49.822139739990234
2537,53.39128875732422
1005902,54.99638366699219
1005903,55.529823303222656
1005904,54.36369323730469
1005905,53.87422180175781
1005906,56.44025421142578
1005907,57.06346893310547
1005908,55.945106506347656
1005909,55.94014358520508
1005910,60.776222229003906
1005911,55.837242126464844
1005912,54.096458435058594
1005913,54.778255462646484
1005914,53.1004753112793
1005915,51.368316650390625
1005916,52.28878402709961
1005917,53.858951568603516
1005918,55.35499954223633
1005919,50.01797103881836
1005920,55.301170349121094
1005921,54.339847564697266
1005922,53.543880462646484
1005923,56.04484558105469
1005924,50.90736770629883
1005925,50.429203033447266
1005926,49.93284606933594
1005927,55.2350959777832
1005928,48.404327392578125
1005929,51.62594985961914
1005930,48.26346969604492
1005931,49.61688232421875
1005932,48.300540924072266
1005933,50.50577163696289
1005934,50.281639099121094
1005935,46.610965728759766
1005936,50.017478942871094
1005937,51.036338806152344
1005938,53.42333984375
1005939,47.24314498901367
1005940,48.340049743652344
1005941,48.98985290527344
1005942,49.57889175415039
1005943,46.11414337158203
1005944,50.25273895263672
1005945,52.79510498046875
1005946,48.446712493896484
1005947,45.94082260131836
1005948,49.265953063964844
1005949,52.011932373046875
1005950,46.829795837402344
1005951,49.35483169555664
1005952,49.982948303222656
1005953,49.05878829956055
1005954,49.24995040893555
1005955,51.571868896484375
1005956,47.93999099731445
1005957,48.406150817871094
1005958,49.72809982299805
1005959,47.35089111328125
1005960,49.436256408691406
1005961,47.82631301879883
1005962,49.29011154174805
1005963,50.665191650390625
1005964,48.643192291259766
1005965,46.015716552734375
1005966,50.97758483886719
1005967,47.238739013671875
1005968,54.27267074584961
1005969,49.767791748046875
1005970,52.10109329223633
1005971,49.95280838012695
1005972,49.7715950012207
1005973,50.093441009521484
1005974,51.403560638427734
1005975,47.07858657836914
1005976,51.69640350341797
1005977,54.614837646484375
1005978,56.546058654785156
1005979,55.83465576171875
1005980,53.436195373535156
1005981,54.4998893737793
1005982,54.48514938354492
1005983,51.71383285522461
1005984,50.464168548583984
1005985,48.53652572631836
1005986,53.2210693359375
1005987,52.84291458129883
1005988,52.042457580566406
1005989,50.5501594543457
1005990,49.00518798828125
1005991,50.837162017822266
1005992,49.9188232421875
1005993,50.64932632446289
1005994,49.294342041015625
1005995,54.856910705566406
1005996,53.83651351928711
1005997,49.74406433105469
1005998,49.545021057128906
1005999,49.138702392578125
1006000,45.5473518371582
1006001,49.43776321411133
1006002,51.528350830078125
1006003,49.97500991821289
1006004,50.78126525878906
1006005,51.32440948486328
1006006,51.10715866088867
1006007,48.86033248901367
1006008,48.986019134521484
1006009,51.645442962646484
1006010,50.32705307006836
1006011,49.42708969116211
1006012,49.629661560058594
1006013,43.89993667602539
1006014,49.512508392333984
1006015,48.94437026977539
1006016,49.313899993896484
1006017,48.87425231933594
1006018,49.20903015136719
1006019,46.083309173583984
1006020,52.01026916503906
1006021,49.11251449584961
1006022,48.177886962890625
1006023,50.98603439331055
1006024,50.261192321777344
1006025,48.33872604370117
1006026,49.57908630371094
1006027,50.821781158447266
1006028,46.81467819213867
1006029,46.56623458862305
1006030,52.41595458984375
1006031,49.91426086425781
1006032,53.47452926635742
1006033,47.837677001953125
1006034,54.34107208251953
1006035,50.692298889160156
1006036,51.75534439086914
1006037,51.322818756103516
1006038,46.29029846191406
1006039,44.738487243652344
1006040,45.86775207519531
1006041,41.49759292602539
1006042,47.68364715576172
1006043,43.52427673339844
1006044,43.79088592529297
1006045,46.47772979736328
1006046,45.677494049072266
1006047,49.590484619140625
1006048,53.104530334472656
1006049,54.11711120605469
1006050,52.96045684814453
1006051,50.98612594604492
1006052,54.35905838012695
1006053,49.735843658447266
1006054,48.240657806396484
1006055,50.24606704711914
1006056,51.69938278198242
1006057,52.49062728881836
1006058,52.37491226196289
1006059,52.38469314575195
1006060,52.43706130981445
1006061,51.74546813964844
1006062,53.23531723022461
1006063,49.459259033203125
1006064,52.02955627441406
1006065,50.81426239013672
1006066,50.686126708984375
1006067,50.62230682373047
1006068,49.261817932128906
1006069,51.28785705566406
1006070,50.44174575805664
1006071,52.50633239746094
1006072,52.72300720214844
1006073,48.515472412109375
1006074,49.56404113769531
1006075,48.49718475341797
1006076,51.89605712890625
1006077,53.625457763671875
1006078,50.240142822265625
1006079,50.00835418701172
1006080,51.5317268371582
1006081,49.46002197265625
1006082,47.41794204711914
1006083,48.47019958496094
1006084,48.02316665649414
1006085,51.27092361450195
1006086,48.11180114746094
1006087,50.616912841796875
1006088,50.42652130126953
1006089,52.55316925048828
1006090,51.301109313964844
1006091,44.738525390625
1006092,50.43474197387695
1006093,49.42814254760742
1006094,47.87057113647461
1006095,46.70844650268555
1006096,51.014427185058594
1006097,51.59675598144531
1006098,47.991947174072266
1006099,48.878173828125
1006100,50.43625259399414
1006101,49.24263000488281
1006102,47.18475341796875
1006103,48.79839324951172
1006104,46.573848724365234
1006105,46.42596435546875
1006106,50.395999908447266
1006107,48.048458099365234
1006108,48.311580657958984
1006109,43.00019836425781
1006110,44.55408477783203
1006111,43.340980529785156
1006112,46.86522674560547
1006113,49.476402282714844
1006114,48.349082946777344
1006115,50.26274108886719
1006116,49.654197692871094
1006117,48.87066650390625
1006118,52.87512969970703
1006119,55.456390380859375
1006120,54.022396087646484
1006121,53.70752716064453
1006122,54.343589782714844
1006123,51.55482864379883
1006124,54.8675537109375
1006125,53.63494110107422
1006126,55.085296630859375
1006127,50.260581970214844
1006128,52.729740142822266
1006129,57.68467712402344
1006130,51.824623107910156
1006131,51.64015579223633
1006132,52.07262420654297
1006133,50.25543212890625
1006134,53.8209114074707
1006135,48.45722198486328
1006136,48.011810302734375
1006137,48.081077575683594
1006138,48.37081527709961
1006139,54.17174530029297
1006140,51.894309997558594
1006141,54.37865447998047
1006142,52.48713684082031
1006143,48.60282897949219
1006144,50.98458480834961
1006145,51.628257751464844
1006146,48.690406799316406
1006147,50.2720832824707
1006148,50.360721588134766
1006149,48.84033966064453
1006150,52.285743713378906
1006151,51.13616943359375
1006152,52.425453186035156
1006153,50.713932037353516
1006154,51.19205856323242
1006155,48.530120849609375
1006156,50.9682731628418
1006157,48.65430450439453
1006158,50.07692337036133
1006159,49.54378890991211
1006160,52.26484298706055
1006161,45.06992721557617
1006162,46.121376037597656
1006163,52.61875534057617
1006164,48.592857360839844
1006165,46.78618621826172
1006166,46.7294807434082
1006167,51.034393310546875
1006168,48.25072479248047
1006169,46.95843505859375
1006170,50.06337356567383
1006171,49.32572555541992
1006172,50.35546875
1006173,53.828800201416016
1006174,51.540306091308594
1006175,54.435359954833984
1006176,50.32678985595703
1006177,51.231407165527344
1006178,48.95736312866211
1006179,50.0419807434082
1006180,49.509708404541016
1006181,47.06752395629883
1006182,48.47371292114258
1006183,49.42383575439453
1006184,51.6313362121582
1006185,49.055442810058594
1006186,48.64048767089844
1006187,48.08328628540039
1006188,47.1064567565918
1006189,48.51529312133789
1006190,48.614200592041016
1006191,49.211177825927734
1006192,51.40739059448242
1006193,51.01200485229492
1006194,50.169368743896484
1006195,52.78709030151367
1006196,47.553077697753906
1006197,50.739620208740234
1006198,50.32958984375
1006199,49.740238189697266
1006200,48.879398345947266
1006201,48.25721740722656
1006202,46.00516891479492
1006203,44.351783752441406
1006204,47.512184143066406
1006205,48.277549743652344
1006206,46.27994918823242
1006207,52.26100158691406
1006208,48.983154296875
1006209,46.969215393066406
1006210,48.968387603759766
1006211,47.162899017333984
1006212,48.25791549682617
1006213,47.18649673461914
1006214,44.14860153198242
1006215,43.40094757080078
1006216,45.23012924194336
1006217,47.41521072387695
1006218,52.34112548828125
1006219,47.00938415527344
1006220,49.7831916809082
1006221,47.64320373535156
1006222,46.890010833740234
1006223,46.783714294433594
1006224,46.469600677490234
1006225,44.16343688964844
1006226,44.73133087158203
1006227,44.58973693847656
1006228,48.444461822509766
1006229,45.75534439086914
1006230,45.13146209716797
1006231,47.65072250366211
1006232,44.93381881713867
1006233,46.498329162597656
1006234,45.09895324707031
1006235,46.455020904541016
1006236,47.69213104248047
1006237,47.48717498779297
1006238,44.81001663208008
1006239,44.52132797241211
1006240,49.036720275878906
1006241,47.54424285888672
1006242,50.42426681518555
1006243,45.14857864379883
1006244,44.3629150390625
1006245,44.92903137207031
1006246,50.429073333740234
1006247,47.478553771972656
1006248,48.26344680786133
1006249,55.508209228515625
1006250,53.37481689453125
1006251,53.066165924072266
1006252,54.95111083984375
1006253,52.756874084472656
1006254,54.10688018798828
1006255,53.66777801513672
1006256,51.876155853271484
1006257,50.20616912841797
1006258,49.04671859741211
1006259,50.74967575073242
1006260,48.92156219482422
1006261,52.5148811340332
1006262,49.85602951049805
1006263,49.06074905395508
1006264,51.194984436035156
1006265,50.99652099609375
1006266,49.68014907836914
1006267,48.209022521972656
1006268,49.327049255371094
1006269,48.51436996459961
1006270,50.74767303466797
1006271,49.93594741821289
1006272,48.82097244262695
1006273,49.89217758178711
1006274,50.08460235595703
1006275,49.17737579345703
1006276,50.081199645996094
1006277,54.964744567871094
1006278,54.90436935424805
1006279,52.36457061767578
1006280,50.48794937133789
1006281,55.68299102783203
1006282,55.33544921875
1006283,53.59842300415039
1006284,51.375732421875
1006285,50.34075927734375
1006286,53.725746154785156
1006287,50.40411376953125
1006288,57.03408432006836
1006289,52.513877868652344
1006290,52.07353210449219
1006291,49.444942474365234
1006292,45.724857330322266
1006293,51.026432037353516
1006294,48.5939826965332
1006295,46.86891174316406
1006296,45.6824836730957
1006297,51.655181884765625
1006298,49.18694305419922
1006299,47.747703552246094
1006300,46.476158142089844
1006301,48.251380920410156
1006302,48.52230453491211
1006303,49.17713165283203
1006304,47.91244125366211
1006305,48.26498794555664
1006306,48.02558898925781
1006307,46.13367462158203
1006308,50.22641372680664
1006309,50.76726150512695
1006310,45.270423889160156
1006311,44.403465270996094
1006312,47.94664764404297
1006313,47.78128433227539
1006314,48.472286224365234
1006315,51.19571304321289
1006316,48.98424530029297
1006317,50.055564880371094
1006318,51.43223571777344
1006319,51.89944839477539
1006320,52.60360336303711
1006321,51.93260192871094
1006322,49.72920608520508
1006323,50.47956085205078
1006324,47.72956848144531
1006325,50.88309097290039
1006326,50.259605407714844
1006327,46.20326614379883
1006328,49.3399658203125
1006329,47.68579864501953
1006330,45.25062942504883
1006331,46.00865936279297
1006332,49.727821350097656
1006333,48.59939956665039
1006334,45.75912857055664
1006335,49.92753219604492
1006336,44.78187561035156
1006337,46.066078186035156
1006338,48.803035736083984
1006339,49.33378601074219
1006340,48.412452697753906
1006341,48.51005554199219
1006342,44.70550537109375
1006343,48.61543273925781
1006344,47.865081787109375
1006345,50.08516311645508
1006346,49.335227966308594
1006347,46.779579162597656
1006348,47.454254150390625
1006349,46.72446060180664
1006350,46.625240325927734
1006351,45.91627883911133
1006352,46.98869705200195
1006353,49.47504425048828
1006354,43.9112663269043
1006355,45.778564453125
1006356,45.095497131347656
1006357,52.140342712402344
1006358,46.46295166015625
1006359,42.332008361816406
1006360,45.839561462402344
1006361,48.91144943237305
1006362,46.320777893066406
1006363,46.135562896728516
1006364,45.882022857666016
1006365,47.60136032104492
1006366,41.11494064331055
1006367,48.13545608520508
1006368,43.420135498046875
1006369,46.245643615722656
1006370,44.379356384277344
1006371,45.08504104614258
1006372,42.60719680786133
1006373,49.87168502807617
1006374,52.475982666015625
1006375,48.06551742553711
1006376,51.171630859375
1006377,55.392520904541016
1006378,50.29888916015625
1006379,51.6081657409668
1006380,54.12749481201172
1006381,54.12578201293945
1006382,52.07112121582031
1006383,50.83788299560547
1006384,51.043052673339844
1006385,54.60309982299805
1006386,53.69597625732422
1006387,50.43489074707031
1006388,50.100643157958984
1006389,49.60809326171875
1006390,45.62114715576172
1006391,49.89311599731445
2009756,49.536563873291016
2009757,51.7558708190918
2009758,50.70363235473633
2009759,50.89942932128906
2009760,52.363983154296875
2009761,52.19226837158203
2009762,51.58229446411133
2009763,51.67462921142578
2009764,55.65802001953125
2009765,51.36270523071289
2009766,50.810848236083984
2009767,51.27946090698242
2009768,48.887081146240234
2009769,48.2427864074707
2009770,48.82375717163086
2009771,50.313812255859375
2009772,51.39521789550781
2009773,46.10268020629883
2009774,52.27474594116211
2009775,50.418060302734375
2009776,48.80653762817383
2009777,52.332359313964844
2009778,48.2049560546875
2009779,46.62351608276367
2009780,45.98786163330078
2009781,52.63114929199219
2009782,44.0820198059082
2009783,48.197696685791016
2009784,44.07315444946289
2009785,45.50340270996094
2009786,45.32877731323242
2009787,47.448177337646484
2009788,47.124244689941406
2009789,43.13142776489258
2009790,47.11698532104492
2009791,47.88783645629883
2009792,49.899749755859375
2009793,43.69145965576172
2009794,45.3938102722168
2009795,45.919673919677734
2009796,46.51278305053711
2009797,43.4626350402832
2009798,47.43016052246094
2009799,49.789852142333984
2009800,45.40867614746094
2009801,43.373558044433594
2009802,46.21836471557617
2009803,48.76537322998047
2009804,44.09778594970703
2009805,46.377132415771484
2009806,46.746299743652344
2009807,44.69499206542969
2009808,45.687625885009766
2009809,48.85002899169922
2009810,44.468231201171875
2009811,44.791343688964844
2009812,46.869258880615234
2009813,44.34321594238281
2009814,46.167240142822266
2009815,44.60101318359375
2009816,46.13158416748047
2009817,47.86309051513672
2009818,46.06299591064453
2009819,42.93503189086914
2009820,47.66276550292969
2009821,44.42622375488281
2009822,51.53907012939453
2009823,47.04188537597656
2009824,49.08256912231445
2009825,46.85877990722656
2009826,47.07380676269531
2009827,47.07992935180664
2009828,48.597312927246094
2009829,43.89555358886719
2009830,48.881263732910156
2009831,51.53379821777344
2009832,52.0096435546875
2009833,49.920753479003906
2009834,48.90145492553711
2009835,50.123374938964844
2009836,49.35528564453125
2009837,46.16417694091797
2009838,46.40126419067383
2009839,44.9475212097168
2009840,49.90122985839844
2009841,46.918880462646484
2009842,48.187618255615234
2009843,46.80855178833008
2009844,45.625038146972656
2009845,47.12555694580078
2009846,46.510169982910156
2009847,46.788822174072266
2009848,45.7022705078125
2009849,50.73829650878906
2009850,49.9390983581543
2009851,44.57307434082031
2009852,45.61518859863281
2009853,45.59674835205078
2009854,42.66225051879883
2009855,45.44220733642578
2009856,47.629638671875
2009857,45.900306701660156
2009858,46.7586669921875
2009859,47.50432586669922
2009860,47.45268630981445
2009861,45.594173431396484
2009862,46.422786712646484
2009863,46.93294906616211
2009864,46.67708206176758
2009865,45.9265251159668
2009866,46.261695861816406
2009867,41.027469635009766
2009868,45.880165100097656
2009869,45.389427185058594
2009870,45.1048698425293
2009871,45.61663818359375
2009872,45.36362838745117
2009873,42.74795913696289
2009874,48.65480041503906
2009875,45.94525909423828
2009876,45.638912200927734
2009877,48.29602813720703
2009878,47.78941345214844
2009879,45.24660873413086
2009880,47.01436233520508
2009881,48.09098815917969
2009882,44.10887908935547
2009883,42.963661193847656
2009884,49.29230880737305
2009885,45.62337112426758
2009886,48.68141174316406
2009887,42.91590118408203
2009888,50.50016784667969
2009889,47.879173278808594
2009890,48.92235565185547
2009891,48.54740905761719
2009892,43.734596252441406
2009893,42.394039154052734
2009894,43.687286376953125
2009895,39.50350570678711
2009896,45.34828567504883
2009897,41.323577880859375
2009898,41.18350601196289
2009899,43.70819854736328
2009900,42.37371826171875
2009901,46.803131103515625
2009902,49.733455657958984
2009903,50.91294479370117
2009904,49.078739166259766
2009905,47.263954162597656
2009906,50.99976348876953
2009907,46.29856872558594
2009908,45.372955322265625
2009909,46.79663848876953
2009910,48.06593322753906
2009911,49.33097839355469
2009912,48.87113571166992
2009913,48.94633483886719
2009914,49.133243560791016
2009915,49.075050354003906
2009916,49.90065002441406
2009917,45.860286712646484
2009918,48.70808410644531
2009919,48.19390869140625
2009920,47.9075927734375
2009921,47.12236022949219
2009922,45.53944778442383
2009923,48.3084602355957
2009924,47.4275016784668
2009925,50.0785026550293
2009926,50.64023971557617
2009927,45.9649658203125
2009928,46.799720764160156
2009929,46.059722900390625
2009930,48.35942459106445
2009931,50.5699462890625
2009932,47.807979583740234
2009933,47.159767150878906
2009934,48.68965148925781
2009935,46.327335357666016
2009936,44.90620422363281
2009937,45.999549865722656
2009938,45.84489440917969
2009939,48.8079719543457
2009940,45.56181335449219
2009941,48.14083480834961
2009942,47.530174255371094
2009943,49.76563262939453
2009944,48.75990295410156
2009945,42.28960037231445
2009946,47.8333625793457
2009947,46.989418029785156
2009948,45.39791488647461
2009949,44.59038543701172
2009950,48.1961784362793
2009951,49.403926849365234
2009952,45.54584884643555
2009953,46.051971435546875
2009954,47.42386245727539
2009955,47.06686782836914
2009956,45.47902297973633
2009957,46.379940032958984
2009958,44.067909240722656
2009959,44.00688552856445
2009960,48.17282485961914
2009961,45.84067916870117
2009962,46.311580657958984
2009963,40.375308990478516
2009964,42.37179946899414
2009965,40.82978820800781
2009966,45.04016876220703
2009967,47.128623962402344
2009968,45.83304977416992
2009969,48.34257125854492
2009970,47.06291198730469
2009971,46.7314567565918
2009972,49.494319915771484
2009973,50.788169860839844
2009974,51.26270294189453
2009975,50.379974365234375
2009976,51.19327163696289
2009977,49.022308349609375
2009978,52.08396911621094
2009979,50.45944595336914
2009980,52.235008239746094
2009981,47.36739730834961
2009982,50.26467514038086
2009983,55.50841522216797
2009984,49.69438552856445
2009985,48.89861297607422
2009986,49.14435958862305
2009987,47.57000732421875
2009988,51.503662109375
2009989,46.11442947387695
2009990,45.877410888671875
2009991,45.88108444213867
2009992,46.11029815673828
2009993,51.44595718383789
2009994,49.264060974121094
2009995,51.77143859863281
2009996,50.871131896972656
2009997,46.411842346191406
2009998,48.44902420043945
2009999,49.515869140625
2010000,46.75697326660156
2010001,48.09504699707031
2010002,48.04341125488281
2010003,46.012638092041016
2010004,49.584102630615234
2010005,48.64383316040039
2010006,50.340675354003906
2010007,48.82463836669922
2010008,48.982845306396484
2010009,46.03357696533203
2010010,48.478729248046875
2010011,46.54850387573242
2010012,48.1489372253418
2010013,47.06074523925781
2010014,50.25365447998047
2010015,43.23524856567383
2010016,43.59755325317383
2010017,50.481101989746094
2010018,46.479881286621094
2010019,44.82081985473633
2010020,44.61465072631836
2010021,48.72134017944336
2010022,45.980010986328125
2010023,44.775054931640625
2010024,47.97785186767578
2010025,47.1357536315918
2010026,48.17799377441406
2010027,50.72554397583008
2010028,48.60730743408203
2010029,52.20337677001953
2010030,48.00080108642578
2010031,48.66279602050781
2010032,46.983646392822266
2010033,47.81293487548828
2010034,47.20036315917969
2010035,44.98189926147461
2010036,46.39832305908203
2010037,46.864261627197266
2010038,48.27783203125
2010039,45.26786804199219
2010040,45.55883026123047
2010041,44.585514068603516
2010042,44.329811096191406
2010043,45.773399353027344
2010044,46.51667785644531
2010045,47.04405212402344
2010046,49.40090560913086
2010047,48.47117233276367
2010048,47.90946960449219
2010049,50.66044616699219
2010050,45.447025299072266
2010051,48.81832504272461
2010052,48.18651580810547
2010053,47.495399475097656
2010054,47.05253601074219
2010055,46.096031188964844
2010056,44.12689971923828
2010057,42.39672088623047
2010058,45.53262710571289
2010059,46.148555755615234
2010060,44.209678649902344
2010061,50.2255973815918
2010062,47.18757629394531
2010063,44.89723587036133
2010064,47.18681716918945
2010065,45.034515380859375
2010066,45.710872650146484
2010067,45.08243179321289
2010068,42.028533935546875
2010069,40.20566177368164
2010070,42.236087799072266
2010071,45.2337532043457
2010072,50.157737731933594
2010073,44.21807098388672
2010074,47.550228118896484
2010075,44.89987564086914
2010076,44.4713134765625
2010077,44.78364944458008
2010078,44.282527923583984
2010079,42.06422805786133
2010080,42.73614501953125
2010081,42.4727897644043
2010082,46.28251266479492
2010083,43.51184844970703
2010084,42.966888427734375
2010085,45.376007080078125
2010086,43.02090835571289
2010087,44.32280349731445
2010088,43.048011779785156
2010089,44.5635871887207
2010090,45.259952545166016
2010091,45.450321197509766
2010092,43.146728515625
2010093,42.41065979003906
2010094,47.06999206542969
2010095,45.62970733642578
2010096,48.58405685424805
2010097,43.02930450439453
2010098,42.662513732910156
2010099,43.20561218261719
2010100,48.66135025024414
2010101,45.83938980102539
2010102,46.230751037597656
2010103,52.28744125366211
2010104,50.78977584838867
2010105,50.40925979614258
2010106,52.83552169799805
2010107,50.614219665527344
2010108,51.63236999511719
2010109,51.13396072387695
2010110,49.74290084838867
2010111,48.19620132446289
2010112,46.9979362487793
2010113,48.44221878051758
2010114,46.68844985961914
2010115,50.88456344604492
2010116,47.87703323364258
2010117,47.08377456665039
2010118,48.3831901550293
2010119,48.42744827270508
2010120,47.523658752441406
2010121,45.7449836730957
2010122,47.240081787109375
2010123,46.773643493652344
2010124,48.5439453125
2010125,47.725807189941406
2010126,47.067771911621094
2010127,47.99626159667969
2010128,48.17985153198242
2010129,47.175865173339844
2010130,47.937164306640625
2010131,52.824195861816406
2010132,52.30852127075195
2010133,50.1654052734375
2010134,48.29322052001953
2010135,53.56517028808594
2010136,51.768402099609375
2010137,50.50332260131836
2010138,49.32902145385742
2010139,48.29922866821289
2010140,51.73115539550781
2010141,48.3603401184082
2010142,55.36435317993164
2010143,50.37596130371094
2010144,49.71868896484375
2010145,47.529624938964844
2010146,43.77863693237305
2010147,49.052120208740234
2010148,46.715301513671875
2010149,44.78308868408203
2010150,43.67832565307617
2010151,50.034629821777344
2010152,47.222721099853516
2010153,46.15092468261719
2010154,44.9647102355957
2010155,46.46491241455078
2010156,46.541019439697266
2010157,47.10922622680664
2010158,45.8336296081543
2010159,46.74419403076172
2010160,46.33827209472656
2010161,44.434383392333984
2010162,48.413902282714844
2010163,48.88276290893555
2010164,43.8311882019043
2010165,42.69464111328125
2010166,46.138946533203125
2010167,45.80368423461914
2010168,46.72399139404297
2010169,48.086708068847656
2010170,46.581695556640625
2010171,47.78520965576172
2010172,46.645652770996094
2010173,48.52847671508789
2010174,50.363494873046875
2010175,49.659549713134766
2010176,47.35541534423828
2010177,48.053558349609375
2010178,45.268795013427734
2010179,47.962135314941406
2010180,47.733848571777344
2010181,43.77519226074219
2010182,46.48046112060547
2010183,45.189205169677734
2010184,43.215843200683594
2010185,44.31428146362305
2010186,47.968257904052734
2010187,46.6448974609375
2010188,43.5764274597168
2010189,48.34264373779297
2010190,42.97029113769531
2010191,44.59626388549805
2010192,47.08949279785156
2010193,47.851837158203125
2010194,46.57920837402344
2010195,46.93667984008789
2010196,42.759517669677734
2010197,47.03611373901367
2010198,46.2023811340332
2010199,48.11717224121094
2010200,47.363014221191406
2010201,44.95583724975586
2010202,45.77307891845703
2010203,44.933013916015625
2010204,44.785160064697266
2010205,44.17658233642578
2010206,44.992916107177734
2010207,46.25065612792969
2010208,42.38528823852539
2010209,43.982078552246094
2010210,43.17171859741211
2010211,49.252281188964844
2010212,44.59421920776367
2010213,40.63472366333008
2010214,44.15039825439453
2010215,47.08329772949219
2010216,44.431400299072266
2010217,44.388580322265625
2010218,44.16569137573242
2010219,45.46577072143555
2010220,39.19575881958008
2010221,45.95857620239258
2010222,41.79035949707031
2010223,44.724220275878906
2010224,42.82944107055664
2010225,43.35456466674805
2010226,40.83549499511719
2010227,47.97673034667969
2010228,50.566314697265625
2010229,46.220787048339844
2010230,49.14921951293945
2010231,53.31843566894531
2010232,48.46913528442383
2010233,49.7999153137207
2010234,52.12955093383789
2010235,51.51549530029297
2010236,49.593223571777344
2010237,48.89352798461914
2010238,49.0490608215332
2010239,51.61839294433594
2010240,50.99502182006836
2010241,47.94064712524414
2010242,47.62824249267578
2010243,47.46250915527344
2010244,43.689964294433594
2010245,47.82273483276367
3013610,47.18505859375
3013611,49.296897888183594
3013612,48.48320770263672
3013613,49.22692108154297
3013614,50.0802116394043
3013615,49.618648529052734
3013616,49.3745002746582
3013617,49.211177825927734
3013618,51.17160415649414
3013619,48.268043518066406
3013620,48.90531921386719
3013621,49.18073654174805
3013622,46.72883987426758
3013623,46.82301712036133
3013624,47.112579345703125
3013625,48.325164794921875
3013626,48.99001693725586
3013627,44.066184997558594
3013628,50.46073913574219
3013629,48.16159439086914
3013630,46.18756103515625
3013631,50.346031188964844
3013632,46.53472900390625
3013633,44.68809509277344
3013634,44.05894470214844
3013635,51.104427337646484
3013636,41.9650993347168
3013637,46.52766799926758
3013638,42.28325271606445
3013639,43.9307975769043
3013640,43.758522033691406
3013641,45.82991409301758
3013642,45.59642028808594
3013643,41.513954162597656
3013644,45.66537094116211
3013645,46.19658279418945
3013646,48.07039260864258
3013647,42.01675796508789
3013648,43.67327117919922
3013649,44.49350357055664
3013650,44.872283935546875
3013651,42.3071403503418
3013652,45.669395446777344
3013653,47.97637176513672
3013654,43.8149299621582
3013655,41.99303436279297
3013656,44.74003219604492
3013657,47.086021423339844
3013658,42.598087310791016
3013659,44.96434020996094
3013660,44.91326141357422
3013661,42.82798385620117
3013662,43.71853256225586
3013663,47.363563537597656
3013664,42.982845306396484
3013665,43.03124237060547
3013666,45.386436462402344
3013667,42.720062255859375
3013668,44.49662780761719
3013669,43.24934005737305
3013670,44.966609954833984
3013671,46.25542449951172
3013672,44.607418060302734
3013673,41.46255874633789
3013674,45.90334701538086
3013675,43.08891296386719
3013676,49.79070281982422
3013677,45.45711898803711
3013678,47.47502136230469
3013679,45.223716735839844
3013680,45.85086441040039
3013681,45.475433349609375
3013682,46.971229553222656
3013683,42.04465103149414
3013684,47.16946792602539
3013685,49.85374450683594
3013686,49.42097091674805
3013687,46.721763610839844
3013688,46.501136779785156
3013689,47.907257080078125
3013690,47.16602325439453
3013691,43.99386978149414
3013692,44.5380859375
3013693,43.39486312866211
3013694,48.00070571899414
3013695,44.19975280761719
3013696,46.47296142578125
3013697,44.84403991699219
3013698,44.14949417114258
3013699,45.18667984008789
3013700,44.83269119262695
3013701,44.72702407836914
3013702,43.8745231628418
3013703,48.46419143676758
3013704,47.619510650634766
3013705,42.296852111816406
3013706,43.6051025390625
3013707,43.627994537353516
3013708,41.289066314697266
3013709,43.65922927856445
3013710,45.66879653930664
3013711,44.00531005859375
3013712,44.69956970214844
3013713,45.293643951416016
3013714,45.651763916015625
3013715,43.755523681640625
3013716,44.89815902709961
3013717,44.69615173339844
3013718,44.72077178955078
3013719,43.65819549560547
3013720,44.10098648071289
3013721,39.47956085205078
3013722,43.85734939575195
3013723,43.45413589477539
3013724,43.29603958129883
3013725,43.80908203125
3013726,43.371822357177734
3013727,40.933223724365234
3013728,46.610660552978516
3013729,44.310123443603516
3013730,44.12398147583008
3013731,46.763877868652344
3013732,46.366477966308594
3013733,43.466552734375
3013734,45.37460708618164
3013735,46.472312927246094
3013736,42.64026641845703
3013737,41.0690803527832
3013738,47.70278549194336
3013739,43.66585922241211
3013740,46.39715576171875
3013741,40.60810852050781
3013742,48.39234924316406
3013743,46.1807975769043
3013744,47.27614212036133
3013745,47.2078742980957
3013746,42.266815185546875
3013747,40.95674133300781
3013748,42.51925277709961
3013749,38.377872467041016
3013750,43.975215911865234
3013751,40.09780502319336
3013752,39.66791534423828
3013753,42.242774963378906
3013754,40.60906982421875
3013755,45.04140853881836
3013756,47.68895721435547
3013757,48.78870391845703
3013758,47.07698059082031
3013759,45.212406158447266
3013760,48.88160705566406
3013761,44.27315902709961
3013762,43.756935119628906
3013763,44.825408935546875
3013764,45.96474838256836
3013765,47.290740966796875
3013766,46.8802490234375
3013767,46.753700256347656
3013768,47.22969436645508
3013769,47.360740661621094
3013770,47.896244049072266
3013771,43.76469421386719
3013772,46.79143524169922
3013773,46.66673278808594
3013774,46.003623962402344
3013775,45.29471206665039
3013776,43.44292449951172
3013777,46.04237365722656
3013778,45.44646453857422
3013779,48.55805587768555
3013780,49.28908157348633
3013781,44.531368255615234
3013782,45.35163879394531
3013783,44.64189529418945
3013784,46.29554748535156
3013785,48.46628189086914
3013786,46.28313446044922
3013787,45.26282501220703
3013788,46.937164306640625
3013789,44.537559509277344
3013790,43.42256546020508
3013791,44.6478385925293
3013792,44.51472091674805
3013793,46.90784454345703
3013794,43.91588592529297
3013795,46.39350128173828
3013796,45.59855651855469
3013797,47.84846496582031
3013798,47.30373764038086
3013799,40.827964782714844
3013800,46.244686126708984
3013801,45.540435791015625
3013802,43.830116271972656
3013803,43.2392463684082
3013804,46.61968231201172
3013805,47.75405502319336
3013806,44.215694427490234
3013807,44.32676315307617
3013808,45.6989860534668
3013809,45.47866439819336
3013810,44.4622688293457
3013811,45.06019592285156
3013812,42.5598030090332
3013813,42.58345031738281
3013814,46.754188537597656
3013815,44.719337463378906
3013816,44.92974853515625
3013817,39.046119689941406
3013818,41.1218147277832
3013819,39.29457473754883
3013820,43.72743606567383
3013821,45.78076934814453
3013822,44.37453842163086
3013823,47.08788299560547
3013824,45.574729919433594
3013825,45.12864303588867
3013826,47.48173522949219
3013827,48.151641845703125
3013828,49.45827102661133
3013829,48.45470428466797
3013830,49.24690246582031
3013831,47.54452133178711
3013832,50.40533447265625
3013833,48.613548278808594
3013834,50.47418975830078
3013835,45.992252349853516
3013836,48.700111389160156
3013837,54.259220123291016
3013838,48.39424514770508
3013839,47.19020462036133
3013840,47.70484924316406
3013841,46.2006721496582
3013842,50.03181457519531
3013843,44.814857482910156
3013844,44.61020278930664
3013845,44.36580276489258
3013846,44.78917694091797
3013847,49.987091064453125
3013848,47.550537109375
3013849,50.29959487915039
3013850,49.487098693847656
3013851,45.36331558227539
3013852,47.02208709716797
3013853,48.31333923339844
3013854,45.56205749511719
3013855,46.661067962646484
3013856,46.77312088012695
3013857,44.53532409667969
3013858,47.81056213378906
3013859,47.333595275878906
3013860,49.10643768310547
3013861,47.677032470703125
3013862,47.58893585205078
3013863,44.64341735839844
3013864,46.930294036865234
3013865,45.12664031982422
3013866,46.931339263916016
3013867,45.483726501464844
3013868,48.75285339355469
3013869,42.07652282714844
3013870,42.079681396484375
3013871,49.01985168457031
3013872,45.43351364135742
3013873,43.44559860229492
3013874,43.41939926147461
3013875,47.31059265136719
3013876,44.58992004394531
3013877,43.43788528442383
3013878,46.68807601928711
3013879,45.70927429199219
3013880,46.81355285644531
3013881,48.77796173095703
3013882,46.843841552734375
3013883,50.381221771240234
3013884,46.57743453979492
3013885,46.74842834472656
3013886,45.59628677368164
3013887,46.33100509643555
3013888,45.43743133544922
3013889,43.58514404296875
3013890,44.936222076416016
3013891,45.17348861694336
3013892,46.40799331665039
3013893,43.28899002075195
3013894,43.85124969482422
3013895,42.81029510498047
3013896,42.76741409301758
3013897,44.22909164428711
3013898,45.201683044433594
3013899,45.590484619140625
3013900,47.9207878112793
3013901,46.87681198120117
3013902,46.47509765625
3013903,49.336082458496094
3013904,44.05316925048828
3013905,47.61149215698242
3013906,46.767940521240234
3013907,46.04427719116211
3013908,45.6840934753418
3013909,44.74829864501953
3013910,42.85886764526367
3013911,41.09541320800781
3013912,44.45163345336914
3013913,44.681644439697266
3013914,42.7816162109375
3013915,49.02909469604492
3013916,45.81717300415039
3013917,43.68202209472656
3013918,45.93117141723633
3013919,43.7349853515625
3013920,44.36265563964844
3013921,43.8437614440918
3013922,40.859275817871094
3013923,38.042015075683594
3013924,40.64432907104492
3013925,43.985530853271484
3013926,48.724021911621094
3013927,42.704139709472656
3013928,46.104515075683594
3013929,43.32341384887695
3013930,43.113311767578125
3013931,43.48081970214844
3013932,42.901248931884766
3013933,40.798343658447266
3013934,41.55201721191406
3013935,41.26002883911133
3013936,44.79534912109375
3013937,42.20977783203125
3013938,41.60982894897461
3013939,44.07210922241211
3013940,41.959415435791016
3013941,42.98963165283203
3013942,41.5958137512207
3013943,43.19038391113281
3013944,43.97832489013672
3013945,44.16072082519531
3013946,41.969905853271484
3013947,41.28786849975586
3013948,45.9947624206543
3013949,44.27735137939453
3013950,47.55536651611328
3013951,41.79841232299805
3013952,41.40868377685547
3013953,42.172027587890625
3013954,47.181854248046875
3013955,44.800289154052734
3013956,44.80853271484375
3013957,50.12242889404297
3013958,48.70258331298828
3013959,48.58177185058594
3013960,51.29410171508789
3013961,49.190128326416016
3013962,50.18241500854492
3013963,49.69761657714844
3013964,48.3564453125
3013965,46.858726501464844
3013966,45.74068832397461
3013967,47.24024200439453
3013968,45.00583267211914
3013969,49.74420166015625
3013970,46.65095520019531
3013971,45.9063720703125
3013972,46.71923065185547
3013973,46.61701965332031
3013974,46.006954193115234
3013975,44.383148193359375
3013976,45.88345718383789
3013977,45.52198028564453
3013978,47.007991790771484
3013979,46.375465393066406
3013980,46.054115295410156
3013981,46.63589096069336
3013982,46.923465728759766
3013983,45.77682876586914
3013984,46.64413833618164
3013985,51.573848724365234
3013986,50.84193801879883
3013987,48.67081832885742
3013988,46.939659118652344
3013989,52.18788146972656
3013990,49.980491638183594
3013991,48.891151428222656
3013992,48.02492141723633
3013993,46.92052459716797
3013994,50.4083366394043
3013995,46.95060729980469
3013996,54.04241180419922
3013997,48.884361267089844
3013998,48.20842361450195
3013999,46.181549072265625
3014000,42.4160270690918
3014001,48.091941833496094
3014002,45.691802978515625
3014003,43.42180633544922
3014004,42.58172607421875
3014005,48.91684341430664
3014006,45.949039459228516
3014007,45.0600700378418
3014008,44.09520721435547
3014009,45.391483306884766
3014010,45.362327575683594
3014011,45.98882293701172
3014012,44.488609313964844
3014013,45.53567123413086
3014014,45.26621627807617
3014015,43.32888412475586
3014016,47.060977935791016
3014017,47.83030319213867
3014018,42.95164489746094
3014019,41.591251373291016
3014020,44.92292785644531
3014021,44.682090759277344
3014022,45.73663330078125
3014023,46.30206298828125
3014024,44.9994010925293
3014025,46.1643180847168
3014026,43.38003158569336
3014027,46.5490837097168
3014028,48.9781494140625
3014029,48.176109313964844
3014030,46.18640899658203
3014031,46.580162048339844
3014032,43.97730255126953
3014033,46.2403450012207
3014034,45.85991668701172
3014035,42.32782745361328
3014036,44.48162841796875
3014037,43.60643768310547
3014038,42.058677673339844
3014039,43.190486907958984
3014040,46.78751754760742
3014041,45.362220764160156
3014042,42.05903244018555
3014043,47.247135162353516
3014044,41.836692810058594
3014045,43.462223052978516
3014046,46.07554626464844
3014047,46.7578239440918
3014048,45.3468017578125
3014049,45.61374282836914
3014050,41.483253479003906
3014051,45.7927131652832
3014052,45.02885818481445
3014053,46.889732360839844
3014054,46.094303131103516
3014055,43.82804489135742
3014056,44.83369827270508
3014057,43.76955795288086
3014058,43.769718170166016
3014059,42.97488784790039
3014060,43.66534423828125
3014061,44.569969177246094
3014062,41.29617691040039
3014063,42.93842315673828
3014064,42.05315399169922
3014065,47.286582946777344
3014066,43.230865478515625
3014067,39.646236419677734
3014068,43.065120697021484
3014069,45.76078796386719
3014070,43.211238861083984
3014071,43.2677116394043
3014072,43.11015319824219
3014073,44.18096160888672
3014074,38.06853103637695
3014075,44.65363693237305
3014076,40.67680358886719
3014077,43.62434768676758
3014078,41.72052001953125
3014079,42.1493034362793
3014080,39.76179122924805
3014081,46.67342758178711
3014082,49.1938591003418
3014083,44.8642463684082
3014084,47.852012634277344
3014085,51.77983474731445
3014086,47.211181640625
3014087,48.471092224121094
3014088,50.30632400512695
3014089,49.63508224487305
3014090,47.94769287109375
3014091,47.36025619506836
3014092,47.27351760864258
3014093,49.56534957885742
3014094,49.10453796386719
3014095,46.30788040161133
3014096,46.02185821533203
3014097,46.152061462402344
3014098,42.47105026245117
3014099,46.37506866455078
4017464,45.83073425292969
4017465,47.76325607299805
4017466,47.28317642211914
4017467,47.95664978027344
4017468,48.7324333190918
4017469,47.82273864746094
4017470,47.91509246826172
4017471,47.69930648803711
4017472,48.484867095947266
4017473,46.4320068359375
4017474,47.830074310302734
4017475,47.73949432373047
4017476,45.23395538330078
4017477,45.790950775146484
4017478,45.837745666503906
4017479,47.05130386352539
4017480,47.45433044433594
4017481,42.711055755615234
4017482,49.217041015625
4017483,46.87233352661133
4017484,44.925743103027344
4017485,49.21963119506836
4017486,45.529762268066406
4017487,43.33928680419922
4017488,42.889366149902344
4017489,49.84027099609375
4017490,40.68794631958008
4017491,45.285404205322266
4017492,41.21989059448242
4017493,43.143455505371094
4017494,42.824729919433594
4017495,44.8021354675293
4017496,44.66144561767578
4017497,40.528221130371094
4017498,44.50944900512695
4017499,45.00670623779297
4017500,46.7927360534668
4017501,40.94664764404297
4017502,42.36980056762695
4017503,43.380672454833984
4017504,43.7486572265625
4017505,41.50679397583008
4017506,44.572200775146484
4017507,46.88428497314453
4017508,42.559715270996094
4017509,41.066078186035156
4017510,43.60466003417969
4017511,45.94425582885742
4017512,41.54030227661133
4017513,44.111446380615234
4017514,43.66703414916992
4017515,41.83412170410156
4017516,42.50715637207031
4017517,46.10187911987305
4017518,41.89928436279297
4017519,41.8734130859375
4017520,44.40949249267578
4017521,41.58363342285156
4017522,43.41040802001953
4017523,42.34593963623047
4017524,43.79943084716797
4017525,45.16423034667969
4017526,43.57115936279297
4017527,40.494529724121094
4017528,44.815643310546875
4017529,42.074398040771484
4017530,48.62192916870117
4017531,44.36692428588867
4017532,46.36612319946289
4017533,44.25603485107422
4017534,45.024654388427734
4017535,44.42273712158203
4017536,45.812110900878906
4017537,40.92406463623047
4017538,46.121524810791016
4017539,48.87141418457031
4017540,47.62227249145508
4017541,44.81313705444336
4017542,45.04442596435547
4017543,46.62037658691406
4017544,45.842159271240234
4017545,42.792999267578125
4017546,43.486473083496094
4017547,42.35686492919922
4017548,46.71391296386719
4017549,42.64787292480469
4017550,45.2917366027832
4017551,43.583229064941406
4017552,43.17616271972656
4017553,43.950714111328125
4017554,43.6625862121582
4017555,43.39563751220703
4017556,42.71805953979492
4017557,46.912437438964844
4017558,45.980342864990234
4017559,41.03058624267578
4017560,42.43836212158203
4017561,42.58368682861328
4017562,40.35501480102539
4017563,42.65268325805664
4017564,44.38410186767578
4017565,42.92414855957031
4017566,43.421478271484375
4017567,43.95150375366211
4017568,44.5850715637207
4017569,42.65245819091797
4017570,43.637420654296875
4017571,43.2287483215332
4017572,43.25886917114258
4017573,42.20111083984375
4017574,42.6353759765625
4017575,38.512184143066406
4017576,42.38636779785156
4017577,42.205684661865234
4017578,42.129310607910156
4017579,42.554229736328125
4017580,42.055938720703125
4017581,39.72178649902344
4017582,45.13646697998047
4017583,43.0687255859375
4017584,43.124969482421875
4017585,45.52592468261719
4017586,45.12476348876953
4017587,42.35411834716797
4017588,44.11888122558594
4017589,45.33134841918945
4017590,41.53432083129883
4017591,39.84737014770508
4017592,46.62266540527344
4017593,42.30946731567383
4017594,44.80964660644531
4017595,39.10951614379883
4017596,46.751285552978516
4017597,44.95701599121094
4017598,46.13410949707031
4017599,46.11079025268555
4017600,41.1617546081543
4017601,39.7819938659668
4017602,41.509666442871094
4017603,37.47151184082031
4017604,43.017940521240234
4017605,39.1634407043457
4017606,38.65864181518555
4017607,41.202003479003906
4017608,39.50172424316406
4017609,43.924583435058594
4017610,46.1679573059082
4017611,47.28597640991211
4017612,45.52656173706055
4017613,43.781982421875
4017614,47.57361602783203
4017615,42.84434509277344
4017616,42.71360778808594
4017617,43.59873580932617
4017618,44.57633972167969
4017619,46.00432586669922
4017620,45.71308898925781
4017621,45.337928771972656
4017622,45.86625289916992
4017623,46.08232498168945
4017624,46.36802673339844
4017625,42.312679290771484
4017626,45.55471420288086
4017627,45.38469696044922
4017628,44.914634704589844
4017629,44.14756393432617
4017630,42.12762451171875
4017631,44.695518493652344
4017632,44.17042541503906
4017633,47.469051361083984
4017634,48.35850524902344
4017635,43.4506950378418
4017636,44.26804733276367
4017637,43.68717575073242
4017638,44.548465728759766
4017639,46.850040435791016
4017640,45.259395599365234
4017641,43.900814056396484
4017642,45.64287185668945
4017643,43.21550750732422
4017644,42.16836929321289
4017645,43.737037658691406
4017646,43.375274658203125
4017647,45.816287994384766
4017648,42.83610153198242
4017649,45.26887130737305
4017650,44.25315475463867
4017651,46.34540557861328
4017652,46.22644805908203
4017653,39.846405029296875
4017654,45.118865966796875
4017655,44.32706832885742
4017656,42.8088493347168
4017657,42.42259216308594
4017658,45.56878662109375
4017659,46.56245422363281
4017660,43.113033294677734
4017661,42.964656829833984
4017662,44.44116973876953
4017663,44.21728515625
4017664,43.485557556152344
4017665,43.919559478759766
4017666,41.608253479003906
4017667,41.70471954345703
4017668,45.67720031738281
4017669,43.760643005371094
4017670,43.99671173095703
4017671,38.00661087036133
4017672,40.267513275146484
4017673,38.41590118408203
4017674,42.79938507080078
4017675,44.78390884399414
4017676,43.34032440185547
4017677,46.31669235229492
4017678,44.35856246948242
4017679,43.93435287475586
4017680,46.05123519897461
4017681,46.382362365722656
4017682,48.231346130371094
4017683,47.35516357421875
4017684,48.104305267333984
4017685,46.42285919189453
4017686,49.271366119384766
4017687,47.3922004699707
4017688,49.15117263793945
4017689,44.95848846435547
4017690,47.54608154296875
4017691,53.13525390625
4017692,47.361812591552734
4017693,46.066829681396484
4017694,46.58830261230469
4017695,45.3060302734375
4017696,48.74356460571289
4017697,43.92866134643555
4017698,43.477630615234375
4017699,43.32539367675781
4017700,43.830501556396484
4017701,48.857913970947266
4017702,46.42568588256836
4017703,49.19595718383789
4017704,48.38294982910156
4017705,44.499141693115234
4017706,45.969566345214844
4017707,47.35475540161133
4017708,44.563846588134766
4017709,45.56315231323242
4017710,45.757713317871094
4017711,43.3532600402832
4017712,46.655860900878906
4017713,46.25148391723633
4017714,48.09214401245117
4017715,46.752384185791016
4017716,46.485267639160156
4017717,43.57453536987305
4017718,45.706260681152344
4017719,44.13287353515625
4017720,45.89078140258789
4017721,44.28908157348633
4017722,47.717708587646484
4017723,41.2553825378418
4017724,41.03792953491211
4017725,47.93952178955078
4017726,44.482635498046875
4017727,42.517940521240234
4017728,42.36885452270508
4017729,46.16838836669922
4017730,43.70658874511719
4017731,42.50251770019531
4017732,45.706634521484375
4017733,44.610389709472656
4017734,45.70912551879883
4017735,47.45894241333008
4017736,45.61909484863281
4017737,49.030731201171875
4017738,45.58765411376953
4017739,45.507049560546875
4017740,44.70326232910156
4017741,45.19424819946289
4017742,44.11001968383789
4017743,42.68527603149414
4017744,43.9195671081543
4017745,43.984474182128906
4017746,45.34579086303711
4017747,42.25893783569336
4017748,42.8850212097168
4017749,41.5657958984375
4017750,41.749656677246094
4017751,43.130287170410156
4017752,44.34233474731445
4017753,44.56320571899414
4017754,46.71035385131836
4017755,45.7888069152832
4017756,45.59056091308594
4017757,48.43395233154297
4017758,43.156185150146484
4017759,46.62346649169922
4017760,45.58256149291992
4017761,45.052310943603516
4017762,44.65538787841797
4017763,43.72993469238281
4017764,41.94271469116211
4017765,40.18556213378906
4017766,43.618961334228516
4017767,43.688480377197266
4017768,41.851619720458984
4017769,48.06667709350586
4017770,44.75283432006836
4017771,42.85651397705078
4017772,44.86042404174805
4017773,42.600013732910156
4017774,43.370567321777344
4017775,42.97120666503906
4017776,39.90117263793945
4017777,36.666648864746094
4017778,39.455055236816406
4017779,42.978755950927734
4017780,47.75757598876953
4017781,41.72637939453125
4017782,44.95433044433594
4017783,42.275882720947266
4017784,42.13984680175781
4017785,42.52719497680664
4017786,41.9241943359375
4017787,39.925071716308594
4017788,40.66563415527344
4017789,40.43849182128906
4017790,43.6832160949707
4017791,41.193275451660156
4017792,40.634578704833984
4017793,42.905738830566406
4017794,40.98598098754883
4017795,41.995765686035156
4017796,40.602603912353516
4017797,42.35044479370117
4017798,43.02080535888672
4017799,43.32701110839844
4017800,41.121063232421875
4017801,40.26445007324219
4017802,45.076454162597656
4017803,43.31014633178711
4017804,46.671817779541016
4017805,40.95783233642578
4017806,40.41468048095703
4017807,41.38006591796875
4017808,46.26264953613281
4017809,44.05057144165039
4017810,43.68391418457031
4017811,48.873046875
4017812,47.436973571777344
4017813,47.4407844543457
4017814,50.363834381103516
4017815,48.34528350830078
4017816,49.087005615234375
4017817,48.43810272216797
4017818,47.397151947021484
4017819,45.894317626953125
4017820,44.86448669433594
4017821,46.37055206298828
4017822,43.99726486206055
4017823,48.88063049316406
4017824,45.70226287841797
4017825,44.96245574951172
4017826,45.70036315917969
4017827,45.433650970458984
4017828,44.94641876220703
4017829,43.212791442871094
4017830,44.85800552368164
4017831,44.55248260498047
4017832,45.92145919799805
4017833,45.41751480102539
4017834,45.263336181640625
4017835,45.665260314941406
4017836,46.01288986206055
4017837,44.78936004638672
4017838,45.721046447753906
4017839,50.72428512573242
4017840,49.756141662597656
4017841,47.64761734008789
4017842,45.91061019897461
4017843,51.125816345214844
4017844,48.75743865966797
4017845,47.79478454589844
4017846,46.97455978393555
4017847,45.91563415527344
4017848,49.24186325073242
4017849,45.93391036987305
4017850,53.05757522583008
4017851,47.630889892578125
4017852,47.13265609741211
4017853,45.316627502441406
4017854,41.542720794677734
4017855,47.24258804321289
4017856,44.885990142822266
4017857,42.62416458129883
4017858,41.79780960083008
4017859,47.83396530151367
4017860,45.0994873046875
4017861,44.16007995605469
4017862,43.3154411315918
4017863,44.51800537109375
4017864,44.45021057128906
4017865,45.148841857910156
4017866,43.51240539550781
4017867,44.57307052612305
4017868,44.614437103271484
4017869,42.46027374267578
4017870,46.001094818115234
4017871,46.969688415527344
4017872,42.19306564331055
4017873,40.82174301147461
4017874,44.08308792114258
4017875,43.80519485473633
4017876,45.02728271484375
4017877,45.14263153076172
4017878,44.00914001464844
4017879,45.370147705078125
4017880,42.01952362060547
4017881,45.4771728515625
4017882,47.77576446533203
4017883,47.14126205444336
4017884,45.43647384643555
4017885,45.59928512573242
4017886,43.0947265625
4017887,45.12738037109375
4017888,44.60920333862305
4017889,41.22318649291992
4017890,43.321876525878906
4017891,42.48678207397461
4017892,41.314697265625
4017893,42.433311462402344
4017894,45.76063537597656
4017895,44.36824035644531
4017896,41.102264404296875
4017897,46.40657043457031
4017898,41.067745208740234
4017899,42.57032775878906
4017900,45.33277893066406
4017901,45.990753173828125
4017902,44.512718200683594
4017903,44.56181716918945
4017904,40.530765533447266
4017905,44.90076446533203
4017906,44.16968536376953
4017907,45.952274322509766
4017908,45.13053512573242
4017909,43.015750885009766
4017910,44.01912307739258
4017911,42.8388671875
4017912,42.939144134521484
4017913,42.103668212890625
4017914,42.623558044433594
4017915,43.340248107910156
4017916,40.49503707885742
4017917,42.13900375366211
4017918,41.17106246948242
4017919,45.942203521728516
4017920,42.096778869628906
4017921,39.0009880065918
4017922,42.25714874267578
4017923,44.93746566772461
4017924,42.21124267578125
4017925,42.46734619140625
4017926,42.3245964050293
4017927,43.18279266357422
4017928,37.328426361083984
4017929,43.83580017089844
4017930,39.759498596191406
4017931,42.743919372558594
4017932,40.90580749511719
4017933,41.22880172729492
4017934,39.025245666503906
4017935,45.74757766723633
4017936,48.14262771606445
4017937,43.6334228515625
4017938,46.810306549072266
4017939,50.59972381591797
4017940,46.15107345581055
4017941,47.401649475097656
4017942,49.19231414794922
4017943,48.40610885620117
4017944,46.90823745727539
4017945,46.54011154174805
4017946,46.029415130615234
4017947,48.335914611816406
4017948,47.8159065246582
4017949,45.073368072509766
4017950,44.75898742675781
4017951,45.081356048583984
4017952,41.56718063354492
4017953,45.20130157470703
