100,6.599344635009766
200,6.859674072265625
300,7.1645676749093195
400,4.178493499755859
500,6.225890265570746
600,5.9349817911783855
700,4.469412803649902
800,7.012797673543294
900,5.30207633972168
1000,5.5413839552137585
1100,5.998566150665283
1200,6.198795166015625
1300,6.390971660614014
1400,4.881992657979329
1500,6.262472152709961
1600,5.309878031412761
1700,5.547702789306641
1800,6.011923356489702
1900,6.588716888427735
2000,6.041086196899414
2100,6.641387939453125
2200,5.173168659210205
2300,5.819695063999721
2400,5.5817817687988285
2500,4.265188598632813
2600,4.535905075073242
2700,6.129026239568537
2800,4.803524017333984
2900,4.469417572021484
3000,6.737917423248291
3100,5.772891044616699
3200,4.339225496564593
3300,4.929619925362723
3400,5.415169397989909
3500,5.249432373046875
3600,6.262022230360243
3700,5.700168609619141
3800,6.29640515645345
3900,5.235297066824777
4000,6.518450600760324
4100,5.858011627197266
4200,5.250185489654541
4300,4.677650070190429
4400,8.248496055603027
4500,5.807943820953369
4600,5.079866409301758
4700,4.724213123321533
4800,5.852027348109654
4900,5.0991717747279575
5000,7.193086624145508
5100,5.946122646331787
5200,4.546808242797852
5300,6.5003204345703125
5400,6.456941392686632
5500,4.877440929412842
5600,5.748170852661133
5700,5.346580505371094
5800,5.397145462036133
5900,7.0401763916015625
6000,4.798013475206163
6100,5.013372739156087
6200,9.633810043334961
6300,4.513386620415582
6400,5.812806562943892
6500,4.589499337332589
6600,5.27336540222168
6700,5.72046012878418
6800,5.859148025512695
6900,4.1005024909973145
7000,5.1327463785807295
7100,5.0046860831124445
7200,6.9385115305582685
7300,5.725065443250868
7400,5.834270770733173
7500,7.158000183105469
7600,5.678483200073242
7700,5.716182708740234
7800,8.2120361328125
7900,4.235344478062221
8000,5.936351299285889
8100,5.555740901402065
8200,4.739655630929129
8300,3.3461807795933316
8400,7.399101706112132
8500,5.760456562042236
8600,6.529446919759114
8700,3.009669303894043
8800,3.4718141555786133
8900,5.37577334317294
9000,4.749993515014649
9100,5.008853565562855
9200,5.899781660600142
9300,4.913106918334961
9400,4.50890132359096
9500,6.257468087332589
9600,4.133422003851996
9700,4.53537130355835
9800,6.333967035466975
9900,5.660165640024038
10000,6.881529808044434
10100,5.374989318847656
10200,5.962811660766602
10300,5.754641941615513
10400,3.6596031188964844
10500,5.054646386040582
10600,4.939991760253906
10700,3.2950475215911865
10800,5.107195218404134
10900,3.4614597956339517
11000,4.63519287109375
11100,4.858876705169678
11200,5.875346069335937
11300,6.197325229644775
11400,4.134977340698242
11500,5.607283115386963
11600,5.571269353230794
11700,4.985789616902669
11800,5.956710121848366
11900,5.692391204833984
12000,4.828360875447591
12100,5.103178977966309
12200,4.559926986694336
12300,4.149032320295062
12400,4.996617126464844
12500,4.114972686767578
12600,3.8580089569091798
12700,5.366323297674006
12800,4.334532928466797
12900,4.171546118600028
13000,4.9223198890686035
13100,5.627840995788574
13200,3.633021763392857
13300,3.787002290998186
13400,4.377063115437825
13500,4.209001922607422
13600,5.126759423149957
13700,5.119387732611762
13800,5.678118387858073
13900,4.20625250680106
14000,5.62238039289202
14100,5.681171798706055
14200,4.30340576171875
14300,4.753933715820312
14400,5.393465518951416
14500,5.029629230499268
14600,3.5395462036132814
14700,4.6067938804626465
14800,5.722499847412109
14900,3.802954537527902
15000,7.105474472045898
15100,6.180743217468262
15200,4.092003345489502
15300,5.859293746948242
15400,6.31510247124566
15500,4.455084800720215
15600,4.754538536071777
15700,4.7464141845703125
15800,4.730459976196289
15900,6.242404513888889
16000,4.504051632351345
16100,4.543608029683431
16200,7.893552303314209
16300,4.242966545952691
16400,5.4213385148481885
16500,4.226934432983398
16600,5.0022838592529295
16700,5.920721435546875
16800,5.033923784891765
16900,3.825556755065918
17000,5.10648430718316
17100,4.369617189679827
17200,6.636994043986003
17300,5.396987067328559
17400,5.23842033973107
17500,6.384179306030274
17600,5.238511276245117
17700,5.346451152454723
17800,6.087964375813802
17900,3.6953746250697543
18000,5.9637451171875
18100,4.190895080566406
18200,4.493997846330915
18300,2.4297425406319753
18400,7.540987800149357
18500,5.325882434844971
18600,5.153513590494792
18700,3.0067227681477866
18800,3.0677151679992676
18900,5.140934684059837
19000,4.239645385742188
19100,4.737250934947621
19200,5.416450153697621
19300,3.6372859954833983
19400,3.666835512433733
19500,5.394431522914341
19600,2.913688447740343
19700,3.871645927429199
19800,5.881424643776634
19900,5.254454979529748
20000,6.065423965454102
20100,4.633064270019531
20200,4.566242218017578
20300,5.252808707101004
20400,3.136266072591146
20500,3.6963763766818576
20600,4.529961649576823
20700,2.5169003009796143
20800,4.485997200012207
20900,3.4781297047932944
21000,3.56483883327908
21100,5.076181411743164
21200,6.03372802734375
21300,6.024646759033203
21400,4.359714508056641
21500,5.446781635284424
21600,4.171679496765137
21700,4.694531758626302
21800,5.3287575461647725
21900,5.386562728881836
22000,4.406694412231445
22100,4.554970741271973
22200,3.7297024726867676
22300,3.8175735473632812
22400,4.498091506958008
22500,3.5981658935546874
22600,3.3364383697509767
22700,5.103841608220881
22800,4.056233596801758
22900,3.474654878888811
23000,4.541465759277344
23100,4.647688865661621
23200,2.8214999607631137
23300,3.767146246773856
23400,3.9335292180379233
23500,4.181989669799805
23600,4.654850853814019
23700,4.1647317674424915
23800,5.480852127075195
23900,4.01373427254813
24000,5.01826422555106
24100,5.464332962036133
24200,3.493046283721924
24300,4.685756683349609
24400,4.618595600128174
24500,3.880295753479004
24600,2.651952362060547
24700,4.025913238525391
24800,5.12262943812779
24900,3.2501931871686662
25000,5.770580291748047
25100,5.834710121154785
25200,3.500094413757324
25300,5.267310714721679
25400,5.490898132324219
25500,4.191269874572754
25600,4.234020551045735
25700,4.457031631469727
25800,3.9017013549804687
25900,5.70230950249566
26000,3.957474602593316
26100,4.166658083597819
26200,6.6445631980896
26300,3.8101298014322915
26400,4.848026969216087
26500,4.639656066894531
26600,4.8527576446533205
26700,5.826581573486328
26800,3.894800821940104
26900,3.5214672088623047
27000,4.788506825764974
27100,3.2871107373918806
27200,6.1342620849609375
27300,4.352637820773655
27400,4.601755875807542
27500,5.81173095703125
27600,4.386030960083008
27700,5.451715642755682
27800,6.81397819519043
27900,3.4567138126918246
28000,6.8566484451293945
28100,3.0873336791992188
28200,3.3574205126081194
28300,2.0354859488351003
28400,7.08406650318819
28500,4.933231353759766
28600,4.314993540445964
28700,2.4096244176228843
28800,2.4220685958862305
28900,4.895825125954368
29000,4.0689037322998045
29100,4.556277188387784
29200,4.246796001087535
29300,3.3254093170166015
29400,5.08915764944894
29500,4.665729522705078
29600,2.635203891330295
29700,3.7008137702941895
29800,6.208584872159091
29900,4.964305584247295
30000,5.259231090545654
30100,3.281993103027344
30200,3.6828681945800783
30300,4.50213268824986
30400,2.580648899078369
30500,3.17496829562717
30600,3.8193079630533853
30700,2.4109549522399902
30800,3.913895924886068
30900,3.0528202056884766
31000,2.6364968617757163
31100,4.484816074371338
31200,5.94827880859375
31300,4.707184791564941
31400,3.360793431599935
31500,5.1500678062438965
31600,3.7469539642333984
31700,4.427650451660156
31800,5.871396845037287
31900,5.0843254089355465
32000,4.416919390360515
32100,4.342679023742676
32200,3.6037497520446777
32300,3.0171895708356584
32400,4.145923233032226
32500,3.1398958206176757
32600,3.4537368774414063
32700,4.572767777876421
32800,3.58612174987793
32900,2.7843001229422435
33000,4.247860908508301
33100,3.4334588050842285
33200,2.6604388100760326
33300,2.965761184692383
33400,2.8373231887817383
33500,3.8802074432373046
33600,5.296659681532118
33700,3.9500033060709634
33800,5.4675032297770185
33900,3.9968697684151784
34000,4.660530090332031
34100,5.147190856933594
34200,2.5750865936279297
34300,4.150520324707031
34400,4.717203140258789
34500,3.712277889251709
34600,2.796817588806152
34700,3.787062406539917
34800,5.063078199114118
34900,2.482252938406808
35000,5.429995059967041
35100,5.269451141357422
35200,3.3235864639282227
35300,4.451999282836914
35400,4.850808461507161
35500,4.600180149078369
35600,4.144661585489909
35700,4.317015075683594
35800,3.6227161407470705
35900,4.747611999511719
36000,4.024254269070095
36100,3.6984647115071616
36200,5.425941467285156
36300,2.6474503411187067
36400,4.288997650146484
36500,4.238078798566546
36600,4.0573986053466795
36700,5.457249450683594
36800,3.614905039469401
36900,3.791782855987549
37000,4.5742513868543835
37100,2.6080899919782365
37200,5.639020284016927
37300,3.4088448418511286
37400,4.606908358060396
37500,5.599618148803711
37600,4.0009910583496096
37700,4.699453527277166
37800,6.775898615519206
37900,2.9304992130824496
38000,4.893125534057617
38100,2.784576960972377
38200,2.8391309465680803
38300,1.5370418003627233
38400,6.765003877527573
38500,4.053710460662842
38600,3.508112589518229
38700,2.164784590403239
38800,2.156686544418335
38900,4.262408863414418
39000,4.419475173950195
39100,4.524646065451882
39200,3.5856198397549717
39300,2.910900688171387
39400,3.188096455165318
39500,4.097086225237165
39600,2.8059895833333335
39700,2.941537857055664
39800,4.984546661376953
39900,4.93721184363732
40000,5.112885475158691
40100,2.3190637588500977
40200,3.495566177368164
40300,4.7306927272251675
40400,2.3217995961507163
40500,1.942315207587348
40600,3.66387456258138
40700,2.1536450386047363
40800,3.282475153605143
40900,2.896596908569336
41000,2.075927734375
41100,4.2328619956970215
41200,6.703238525390625
41300,4.464139938354492
41400,3.388972600301107
41500,5.162580490112305
41600,3.9329989751180015
41700,4.677928924560547
41800,4.535391027277166
41900,4.7824859619140625
42000,3.9745025634765625
42100,3.378297805786133
42200,3.411184310913086
42300,2.6066605704171315
42400,3.882220458984375
42500,2.830716133117676
42600,3.087789535522461
42700,4.239785627885298
42800,3.5134735107421875
42900,2.4196886335100447
43000,5.054335117340088
43100,2.3816823959350586
43200,2.0216870989118303
43300,2.338599613734654
43400,2.2629772822062173
43500,3.4343685150146483
43600,4.5089060465494795
43700,3.692488776312934
43800,5.140117327372233
43900,3.825922284807478
44000,4.935249328613281
44100,4.760000610351563
44200,2.8075828552246094
44300,3.8464359283447265
44400,3.6593217849731445
44500,3.5319905281066895
44600,2.1869152069091795
44700,3.345871925354004
44800,5.164030892508371
44900,2.4952196393694197
45000,5.251866340637207
45100,5.077757835388184
45200,2.91245698928833
45300,4.795735168457031
45400,4.638176812065972
45500,4.271439075469971
45600,4.298999786376953
45700,4.4771068572998045
45800,2.8736135482788088
45900,4.585224151611328
46000,3.7597499423556857
46100,2.875847498575846
46200,6.393442153930664
46300,2.236233605278863
46400,3.7340146845037285
46500,4.34159060886928
46600,3.9179725646972656
46700,5.175313568115234
46800,3.927677790323893
46900,2.8835554122924805
47000,4.656473371717665
47100,2.2580762590680803
47200,4.957255999247233
47300,2.740128411187066
47400,4.122935368464543
47500,4.715869522094726
47600,3.8736297607421877
47700,4.5281150124289775
47800,4.659112294514974
47900,2.4221038818359375
48000,4.522470951080322
48100,2.5419559478759766
48200,3.005651201520647
48300,1.5554380416870117
48400,6.928900774787454
48500,3.3601889610290527
48600,3.953939437866211
48700,2.3658932050069175
48800,2.346505641937256
48900,4.1595143404873935
49000,4.327934646606446
49100,5.21456562389027
49200,2.8612407337535513
49300,2.5961036682128906
49400,2.6584984915597096
49500,2.9031897953578403
49600,2.1680289374457464
49700,3.411381721496582
49800,4.189811706542969
49900,4.783547034630408
50000,4.034201145172119
50100,1.7980230331420899
50200,3.3133724212646483
50300,3.965172903878348
50400,2.145122528076172
50500,2.0027768876817493
50600,3.4367716471354166
50700,2.0330076217651367
50800,2.93609619140625
50900,2.016331990559896
51000,1.756731351216634
51100,3.8471503257751465
51200,6.760014038085938
51300,3.6588282585144043
51400,2.7752367655436196
51500,4.739742279052734
51600,3.1867904663085938
51700,4.348828633626302
51800,4.66419115933505
51900,4.8373161315917965
52000,3.218935012817383
52100,3.2182812690734863
52200,3.0797877311706543
52300,1.5434935433523995
52400,3.415530776977539
52500,2.3957786560058594
52600,3.053044891357422
52700,3.9108591946688565
52800,3.421552276611328
52900,2.1159217017037526
53000,3.5705628395080566
53100,2.181342840194702
53200,2.0865368161882674
53300,1.9728993007114954
53400,1.7809162139892578
53500,2.489683151245117
53600,4.707912868923611
53700,3.019726859198676
53800,5.109860738118489
53900,3.2304744720458984
54000,4.19880131312779
54100,4.301039123535157
54200,2.2033278942108154
54300,3.8182693481445313
54400,2.16921067237854
54500,3.4801759719848633
54600,2.1618778228759767
54700,2.9561972618103027
54800,5.121588570731027
54900,1.9584448678152901
55000,3.7828893661499023
55100,5.079729080200195
55200,2.0779762268066406
55300,4.445524978637695
55400,4.375039418538411
55500,3.9636411666870117
55600,4.4324235916137695
55700,3.722945785522461
55800,3.1565032958984376
55900,4.569771660698785
56000,3.3827921549479165
56100,2.292111078898112
56200,5.606008529663086
56300,2.1342110104031033
56400,3.5208057056773794
56500,3.9682840619768416
56600,4.297100448608399
56700,4.621847152709961
56800,3.056898752848307
56900,2.7314059734344482
57000,4.808778127034505
57100,1.6114213126046317
57200,4.848422368367513
57300,2.706925710042318
57400,3.939385927640475
57500,4.220829772949219
57600,3.5199085235595704
57700,3.95783823186701
57800,5.251714706420898
57900,2.290886197771345
58000,3.6214590072631836
58100,1.9543071474347795
58200,2.674273899623326
58300,0.9257072721208844
58400,7.092993343577666
58500,3.528475522994995
58600,4.31930414835612
58700,2.2344401677449546
58800,1.7558587789535522
58900,4.124227350408381
59000,4.281198120117187
59100,4.087359688498757
59200,2.639080047607422
59300,2.457733726501465
59400,2.2484798431396484
59500,2.296443666730608
59600,2.578812493218316
59700,2.6372718811035156
59800,3.3679528669877485
59900,4.577139047475962
60000,2.7558236122131348
60100,1.3691679000854493
60200,3.4080135345458986
60300,3.9900267464773997
60400,1.6272053718566895
60500,2.2031771341959634
60600,3.3848228454589844
60700,2.4274847507476807
60800,3.442913373311361
60900,1.5986331303914387
61000,1.6281445821126301
61100,3.216468334197998
61200,5.716907348632812
61300,3.7888619899749756
61400,2.2414711316426597
61500,4.656111717224121
61600,3.214376449584961
61700,4.54421869913737
61800,4.204547188498757
61900,5.144641876220703
62000,3.228753407796224
62100,2.357041358947754
62200,2.5214409828186035
62300,0.993455137525286
62400,3.805879592895508
62500,1.8505353927612305
62600,3.006121826171875
62700,4.332885048606179
62800,4.170269393920899
62900,1.9420663288661413
63000,2.480499744415283
63100,2.3330607414245605
63200,2.005967276436942
63300,1.702643530709403
63400,1.6194300651550293
63500,2.418350601196289
63600,4.22023688422309
63700,2.6948733859592013
63800,5.45024045308431
63900,3.472448076520647
64000,3.652493340628488
64100,3.7685665130615233
64200,2.1154017448425293
64300,3.4202247619628907
64400,1.9373747110366821
64500,3.149402618408203
64600,2.359357452392578
64700,2.827103853225708
64800,5.375156402587891
64900,1.8149848665509904
65000,2.4973561763763428
65100,5.024072170257568
65200,1.8995534181594849
65300,4.019518280029297
65400,3.6926566229926214
65500,3.76220965385437
65600,4.321022669474284
65700,4.124886322021484
65800,2.8778234481811524
65900,4.980996449788411
66000,3.4709854125976562
66100,2.8888187408447266
66200,4.248871326446533
66300,2.4227661556667752
66400,3.4370880126953125
66500,4.315764835902622
66600,3.8634876251220702
66700,4.949301147460938
66800,4.676431973775228
66900,2.6687679290771484
67000,3.922318352593316
67100,1.4747912543160575
67200,4.770709991455078
67300,2.3644002278645835
67400,3.7901690556452823
67500,3.667885971069336
67600,4.275000762939453
67700,4.130320809104226
67800,5.7006479899088545
67900,2.737719399588449
68000,3.613689661026001
68100,2.69177736554827
68200,2.938243865966797
68300,1.4176690237862724
68400,6.039970846737132
68500,2.506624460220337
68600,4.065974235534668
68700,1.931222915649414
68800,2.141240119934082
68900,3.8012209805575283
69000,3.6484535217285154
69100,3.6587482799183237
69200,2.2154294794256035
69300,2.3657169342041016
69400,1.9545714514596122
69500,1.938661984034947
69600,1.9311907026502821
69700,2.3819446563720703
69800,3.8722763061523438
69900,4.913257305438702
70000,2.8133621215820312
70100,0.987247371673584
70200,2.9313074111938477
70300,3.6077346801757812
70400,1.384051005045573
70500,2.112512376573351
70600,3.0215466817220054
70700,2.2154245376586914
70800,2.5237905184427896
70900,1.7818624178568523
71000,1.2819529639350042
71100,2.872964382171631
71200,5.673333740234375
71300,3.3428688049316406
71400,1.6869057019551594
71500,4.734106063842773
71600,2.7940591176350913
71700,4.153553009033203
71800,3.638498479669744
71900,5.201118087768554
72000,2.9069430033365884
72100,2.1390886306762695
72200,2.544149160385132
72300,0.95777314049857
72400,3.579206085205078
72500,0.4880370140075684
72600,2.9261245727539062
72700,4.003204345703125
72800,3.560770797729492
72900,1.4820473534720284
73000,3.1696860790252686
73100,2.0885186195373535
73200,1.4614297321864538
73300,1.7164160864693778
73400,2.582422892252604
73500,2.030746078491211
73600,4.5129589504665795
73700,2.747617933485243
73800,5.938600540161133
73900,3.1276678357805525
74000,3.4127368927001953
74100,3.4489646911621095
74200,2.0061557292938232
74300,3.6933830261230467
74400,1.4093713760375977
74500,2.6587305068969727
74600,1.7207605361938476
74700,2.7516794204711914
74800,5.095775059291294
74900,1.7196880068097795
75000,3.11350154876709
75100,5.2357048988342285
75200,1.7898786067962646
75300,4.123843383789063
75400,3.2695494757758246
75500,3.471059799194336
75600,4.811015446980794
75700,4.055754852294922
75800,2.9911422729492188
75900,4.279506259494358
76000,3.3662372165256076
76100,2.3250554402669272
76200,5.092039108276367
76300,1.7878570556640625
76400,2.8397234136408027
76500,3.9365381513323103
76600,3.6955421447753904
76700,4.458822631835938
76800,4.041908899943034
76900,2.516467571258545
77000,4.363614400227864
77100,1.8327481406075614
77200,4.0770009358723955
77300,2.7407930162217884
77400,3.715211721567007
77500,3.112183380126953
77600,4.388179779052734
77700,4.0012338811701
77800,4.269962310791016
77900,3.263739449637277
78000,3.2305808067321777
78100,2.283125877380371
78200,3.3490303584507535
78300,0.6447764124189105
78400,7.174319098977482
78500,3.1748061180114746
78600,3.911736170450846
78700,1.4604117075602214
78800,1.7356791496276855
78900,3.311064286665483
79000,4.35943374633789
79100,3.519137295809659
79200,1.676218032836914
79300,2.1841421127319336
79400,1.7240069253104073
79500,1.8646189825875419
79600,2.4355831146240234
79700,2.096621036529541
79800,3.071151386607777
79900,4.50550050001878
80000,2.0934224128723145
80100,0.8630277633666992
80200,2.716095733642578
80300,3.640752519880022
80400,1.4934560457865398
80500,1.5720641877916124
80600,2.9913866678873697
80700,1.9559296369552612
80800,2.3807981808980307
80900,1.594602108001709
81000,2.2199598948160806
81100,2.706777811050415
81200,5.703308715820312
81300,2.1933393478393555
81400,1.9341869354248047
81500,4.778011798858643
81600,2.763786951700846
81700,3.5375645955403647
81800,2.9601870450106533
81900,4.3409778594970705
82000,2.837629954020182
82100,2.764698028564453
82200,2.2807722091674805
82300,2.3738256181989397
82400,3.516434097290039
82500,0.6009563446044922
82600,2.695329284667969
82700,3.730870333584872
82800,3.493392562866211
82900,1.4587014062064034
83000,2.0983328819274902
83100,1.8293499946594238
83200,1.2592009135654993
83300,1.8238465445382255
83400,1.9872728983561199
83500,1.876372718811035
83600,3.7785352071126304
83700,2.9946619669596353
83800,5.249941190083821
83900,2.731432778494699
84000,3.22177859715053
84100,3.0042701721191407
84200,2.271664619445801
84300,3.2438690185546877
84400,1.9830249547958374
84500,2.2009902000427246
84600,1.3718718528747558
84700,2.241248369216919
84800,4.841249738420759
84900,1.7307675225394112
85000,1.696685552597046
85100,4.272008895874023
85200,1.2879153490066528
85300,4.970105743408203
85400,3.719148423936632
85500,2.7610878944396973
85600,3.6750898361206055
85700,3.1803016662597656
85800,2.692396545410156
85900,3.6967281765407987
86000,3.120635562472873
86100,1.6113295555114746
86200,5.188824653625488
86300,1.9668941497802734
86400,3.181961406360973
86500,4.644783020019531
86600,3.928633117675781
86700,4.688951873779297
86800,2.9536314010620117
86900,2.1389095783233643
87000,3.8421957227918835
87100,1.075927734375
87200,4.151459376017253
87300,2.166039784749349
87400,3.3725462693434496
87500,3.534550094604492
87600,3.7751724243164064
87700,3.5516315806995737
87800,3.936351776123047
87900,3.1078093392508372
88000,3.4672579765319824
88100,2.0228676114763533
88200,2.9269210270472934
88300,2.0539888654436385
88400,7.223059261546416
88500,2.19730806350708
88600,2.5976916948954263
88700,1.8741202354431152
88800,1.469662070274353
88900,2.979318792169744
89000,3.7945411682128904
89100,3.731620094992898
89200,2.061369635842063
89300,2.490005302429199
89400,0.9312053407941546
89500,1.5276081902640206
89600,1.0502051247490778
89700,2.0693397521972656
89800,2.9699440002441406
89900,4.33262927715595
90000,2.3140292167663574
90100,0.6028681755065918
90200,2.525562286376953
90300,3.0176800319126675
90400,1.1774388154347737
90500,1.9339523315429688
90600,2.8471600850423178
90700,2.010483741760254
90800,3.657748222351074
90900,1.530736764272054
91000,2.2118621402316623
91100,2.647489070892334
91200,4.895947265625
91300,3.504507064819336
91400,1.5593573252360027
91500,4.698429107666016
91600,3.1154724756876626
91700,4.640441258748372
91800,3.200368361039595
91900,4.395290756225586
92000,3.097492535909017
92100,3.835761308670044
92200,2.0025296211242676
92300,1.3024793352399553
92400,3.3440990447998047
92500,0.5807945251464843
92600,2.143558120727539
92700,3.499684767289595
92800,4.181849670410156
92900,1.951103346688407
93000,4.688336372375488
93100,2.621847152709961
93200,1.2836223329816545
93300,1.4160660334995814
93400,1.319966475168864
93500,2.1000717163085936
93600,4.002198961046007
93700,2.714369455973307
93800,5.274008115132649
93900,2.411752155848912
94000,2.7099009922572543
94100,2.519308853149414
94200,2.084787368774414
94300,2.5488506317138673
94400,1.3493545055389404
94500,2.2865962982177734
94600,1.9276681900024415
94700,2.3766674995422363
94800,4.789232526506696
94900,1.3368641989571708
95000,2.8124947547912598
95100,4.716804504394531
95200,1.9174957275390625
95300,3.851411056518555
95400,3.270872328016493
95500,3.1122069358825684
95600,3.4282700220743814
95700,3.640925979614258
95800,2.27880973815918
95900,2.9115117390950522
96000,3.159164640638563
96100,1.2524545987447102
96200,5.380599021911621
96300,2.25238037109375
96400,2.4404626326127485
96500,4.161093030657087
96600,3.563821792602539
96700,4.752238082885742
96800,3.4933506647745767
96900,2.3999834060668945
97000,2.8953575558132596
97100,0.8534081322806222
97200,3.8946352005004883
97300,3.2547471788194446
97400,3.6302701509915867
97500,3.814347839355469
97600,3.5174514770507814
97700,3.4262223677201704
97800,3.9778143564860025
97900,2.452167510986328
98000,3.6930172443389893
98100,1.4510383605957031
98200,2.515437534877232
98300,1.1078782762799944
98400,6.4579472261316635
98500,1.8189268112182617
98600,3.1894496281941733
98700,1.5985153516133626
98800,1.3032212257385254
98900,3.8046389493075283
99000,4.253180313110351
99100,3.787923986261541
99200,2.2072779915549536
99300,2.806197929382324
99400,0.9908702032906669
99500,3.147350583757673
99600,1.094570689731174
99700,2.067417621612549
99800,3.4458288712935015
99900,4.060462364783654
100000,2.0211305618286133
